<?xml version="1.0" encoding="UTF-8" ?>
<testsuites>
  <testsuite errors="0" failures="0" hostname="cabaret-fax" id="0" name="Test01_EmptyClass" package="edu.uic.cs474.hw1" skipped="0" tests="1" time="0.039" timestamp="2019-09-20T20:55:47">
      <properties>
[...]
</properties>

      <testcase classname="edu.uic.cs474.hw1.Test01_EmptyClass" name="test" time="0.003" />

      <system-out />

      <system-err />

  </testsuite>
  <testsuite errors="0" failures="0" hostname="cabaret-fax" id="1" name="Test02_OnePrimitiveFinalPublicField" package="edu.uic.cs474.hw1" skipped="0" tests="1" time="0.044" timestamp="2019-09-20T20:55:47">
      <properties>
[...]
</properties>

      <testcase classname="edu.uic.cs474.hw1.Test02_OnePrimitiveFinalPublicField" name="test" time="0.003" />

      <system-out />

      <system-err />

  </testsuite>
  <testsuite errors="0" failures="0" hostname="cabaret-fax" id="2" name="Test03_OnePrimitiveFinalDefaultField" package="edu.uic.cs474.hw1" skipped="0" tests="1" time="0.044" timestamp="2019-09-20T20:55:47">
      <properties>
[...]
</properties>

      <testcase classname="edu.uic.cs474.hw1.Test03_OnePrimitiveFinalDefaultField" name="test" time="0.003" />

      <system-out />

      <system-err />

  </testsuite>
  <testsuite errors="0" failures="0" hostname="cabaret-fax" id="3" name="Test04_OnePrimitivePublicField" package="edu.uic.cs474.hw1" skipped="0" tests="1" time="0.041" timestamp="2019-09-20T20:55:47">
      <properties>
[...]
</properties>

      <testcase classname="edu.uic.cs474.hw1.Test04_OnePrimitivePublicField" name="test" time="0.003" />

      <system-out />

      <system-err />

  </testsuite>
  <testsuite errors="0" failures="0" hostname="cabaret-fax" id="4" name="Test05_OnePrimitivePrivateField" package="edu.uic.cs474.hw1" skipped="0" tests="1" time="0.041" timestamp="2019-09-20T20:55:47">
      <properties>
[...]
</properties>

      <testcase classname="edu.uic.cs474.hw1.Test05_OnePrimitivePrivateField" name="test" time="0.004" />

      <system-out />

      <system-err />

  </testsuite>
  <testsuite errors="0" failures="0" hostname="cabaret-fax" id="5" name="Test06_OnePrimitiveProtectedField" package="edu.uic.cs474.hw1" skipped="0" tests="1" time="0.044" timestamp="2019-09-20T20:55:48">
      <properties>
[...]
</properties>

      <testcase classname="edu.uic.cs474.hw1.Test06_OnePrimitiveProtectedField" name="test" time="0.004" />

      <system-out />

      <system-err />

  </testsuite>
  <testsuite errors="0" failures="0" hostname="cabaret-fax" id="6" name="Test07_OnePrimitiveDefaultField" package="edu.uic.cs474.hw1" skipped="0" tests="1" time="0.046" timestamp="2019-09-20T20:55:48">
      <properties>
[...]
</properties>

      <testcase classname="edu.uic.cs474.hw1.Test07_OnePrimitiveDefaultField" name="test" time="0.003" />

      <system-out />

      <system-err />

  </testsuite>
  <testsuite errors="0" failures="0" hostname="cabaret-fax" id="7" name="Test08_OneStaticPrimitiveFinalProtectedOneStaticPrimitiveFinalPublicField" package="edu.uic.cs474.hw1" skipped="0" tests="1" time="0.047" timestamp="2019-09-20T20:55:48">
      <properties>
[...]
</properties>

      <testcase classname="edu.uic.cs474.hw1.Test08_OneStaticPrimitiveFinalProtectedOneStaticPrimitiveFinalPublicField" name="test" time="0.003" />

      <system-out />

      <system-err />

  </testsuite>
  <testsuite errors="0" failures="0" hostname="cabaret-fax" id="8" name="Test09_OnePrimitiveFinalPrivateOneProtectedFinalOneDefaultFinalField" package="edu.uic.cs474.hw1" skipped="0" tests="1" time="0.063" timestamp="2019-09-20T20:55:48">
      <properties>
[...]
</properties>

      <testcase classname="edu.uic.cs474.hw1.Test09_OnePrimitiveFinalPrivateOneProtectedFinalOneDefaultFinalField" name="test" time="0.006" />

      <system-out />

      <system-err />

  </testsuite>
  <testsuite errors="0" failures="0" hostname="cabaret-fax" id="9" name="Test10_OneStringField" package="edu.uic.cs474.hw1" skipped="0" tests="1" time="0.042" timestamp="2019-09-20T20:55:49">
      <properties>
[...]
</properties>

      <testcase classname="edu.uic.cs474.hw1.Test10_OneStringField" name="test" time="0.004" />

      <system-out />

      <system-err />

  </testsuite>
  <testsuite errors="0" failures="0" hostname="cabaret-fax" id="10" name="Test11_OneStringFieldWithNewline" package="edu.uic.cs474.hw1" skipped="0" tests="1" time="0.045" timestamp="2019-09-20T20:55:49">
      <properties>
[...]
</properties>

      <testcase classname="edu.uic.cs474.hw1.Test11_OneStringFieldWithNewline" name="test" time="0.004" />

      <system-out />

      <system-err />

  </testsuite>
  <testsuite errors="0" failures="0" hostname="cabaret-fax" id="11" name="Test12_OneEmptyStringField" package="edu.uic.cs474.hw1" skipped="0" tests="1" time="0.043" timestamp="2019-09-20T20:55:49">
      <properties>
[...]
</properties>

      <testcase classname="edu.uic.cs474.hw1.Test12_OneEmptyStringField" name="test" time="0.004" />

      <system-out />

      <system-err />

  </testsuite>
  <testsuite errors="0" failures="0" hostname="cabaret-fax" id="12" name="Test13_OneNullStringField" package="edu.uic.cs474.hw1" skipped="0" tests="1" time="0.046" timestamp="2019-09-20T20:55:49">
      <properties>
[...]
</properties>

      <testcase classname="edu.uic.cs474.hw1.Test13_OneNullStringField" name="test" time="0.003" />

      <system-out />

      <system-err />

  </testsuite>
  <testsuite errors="0" failures="0" hostname="cabaret-fax" id="13" name="Test14_OneFieldWithNonPrimitiveNonString" package="edu.uic.cs474.hw1" skipped="0" tests="1" time="0.059" timestamp="2019-09-20T20:55:49">
      <properties>
[...]
</properties>

      <testcase classname="edu.uic.cs474.hw1.Test14_OneFieldWithNonPrimitiveNonString" name="test" time="0.004" />

      <system-out />

      <system-err />

  </testsuite>
  <testsuite errors="0" failures="0" hostname="cabaret-fax" id="14" name="Test15_OneNullPrimitiveArray" package="edu.uic.cs474.hw1" skipped="0" tests="1" time="0.046" timestamp="2019-09-20T20:55:50">
      <properties>
[...]
</properties>

      <testcase classname="edu.uic.cs474.hw1.Test15_OneNullPrimitiveArray" name="test" time="0.004" />

      <system-out />

      <system-err />

  </testsuite>
  <testsuite errors="0" failures="0" hostname="cabaret-fax" id="15" name="Test16_OneNullFieldWithNonPrimitiveNonString" package="edu.uic.cs474.hw1" skipped="0" tests="1" time="0.044" timestamp="2019-09-20T20:55:50">
      <properties>
[...]
</properties>

      <testcase classname="edu.uic.cs474.hw1.Test16_OneNullFieldWithNonPrimitiveNonString" name="test" time="0.003" />

      <system-out />

      <system-err />

  </testsuite>
  <testsuite errors="0" failures="0" hostname="cabaret-fax" id="16" name="Test17_OneZeroArray" package="edu.uic.cs474.hw1" skipped="0" tests="1" time="0.041" timestamp="2019-09-20T20:55:50">
      <properties>
[...]
</properties>

      <testcase classname="edu.uic.cs474.hw1.Test17_OneZeroArray" name="test" time="0.004" />

      <system-out />

      <system-err />

  </testsuite>
  <testsuite errors="0" failures="0" hostname="cabaret-fax" id="17" name="Test18_OneArrayWithNull" package="edu.uic.cs474.hw1" skipped="0" tests="1" time="0.043" timestamp="2019-09-20T20:55:50">
      <properties>
[...]
</properties>

      <testcase classname="edu.uic.cs474.hw1.Test18_OneArrayWithNull" name="test" time="0.004" />

      <system-out />

      <system-err />

  </testsuite>
  <testsuite errors="0" failures="0" hostname="cabaret-fax" id="18" name="Test19_OneArrayWithManyNulls" package="edu.uic.cs474.hw1" skipped="0" tests="1" time="0.046" timestamp="2019-09-20T20:55:50">
      <properties>
[...]
</properties>

      <testcase classname="edu.uic.cs474.hw1.Test19_OneArrayWithManyNulls" name="test" time="0.004" />

      <system-out />

      <system-err />

  </testsuite>
  <testsuite errors="0" failures="0" hostname="cabaret-fax" id="19" name="Test20_OneArrayWithOneEmptyString" package="edu.uic.cs474.hw1" skipped="0" tests="1" time="0.04" timestamp="2019-09-20T20:55:51">
      <properties>
[...]
</properties>

      <testcase classname="edu.uic.cs474.hw1.Test20_OneArrayWithOneEmptyString" name="test" time="0.004" />

      <system-out />

      <system-err />

  </testsuite>
  <testsuite errors="0" failures="0" hostname="cabaret-fax" id="20" name="Test21_OneArrayWithOneNonEmptyString" package="edu.uic.cs474.hw1" skipped="0" tests="1" time="0.041" timestamp="2019-09-20T20:55:51">
      <properties>
[...]
</properties>

      <testcase classname="edu.uic.cs474.hw1.Test21_OneArrayWithOneNonEmptyString" name="test" time="0.003" />

      <system-out />

      <system-err />

  </testsuite>
  <testsuite errors="0" failures="0" hostname="cabaret-fax" id="21" name="Test22_OneArrayWithOneStringWithNewLine" package="edu.uic.cs474.hw1" skipped="0" tests="1" time="0.039" timestamp="2019-09-20T20:55:51">
      <properties>
[...]
</properties>

      <testcase classname="edu.uic.cs474.hw1.Test22_OneArrayWithOneStringWithNewLine" name="test" time="0.004" />

      <system-out />

      <system-err />

  </testsuite>
  <testsuite errors="0" failures="0" hostname="cabaret-fax" id="22" name="Test23_OneArrayWithOnePrimitive" package="edu.uic.cs474.hw1" skipped="0" tests="1" time="0.042" timestamp="2019-09-20T20:55:51">
      <properties>
[...]
</properties>

      <testcase classname="edu.uic.cs474.hw1.Test23_OneArrayWithOnePrimitive" name="test" time="0.005" />

      <system-out />

      <system-err />

  </testsuite>
  <testsuite errors="0" failures="0" hostname="cabaret-fax" id="23" name="Test24_OneArrayWithOneNonPrimitiveNonString" package="edu.uic.cs474.hw1" skipped="0" tests="1" time="0.044" timestamp="2019-09-20T20:55:51">
      <properties>
[...]
</properties>

      <testcase classname="edu.uic.cs474.hw1.Test24_OneArrayWithOneNonPrimitiveNonString" name="test" time="0.004" />

      <system-out />

      <system-err />

  </testsuite>
  <testsuite errors="0" failures="0" hostname="cabaret-fax" id="24" name="Test25_OneArrayWithManyEmptyString" package="edu.uic.cs474.hw1" skipped="0" tests="1" time="0.042" timestamp="2019-09-20T20:55:52">
      <properties>
[...]
</properties>

      <testcase classname="edu.uic.cs474.hw1.Test25_OneArrayWithManyEmptyString" name="test" time="0.003" />

      <system-out />

      <system-err />

  </testsuite>
  <testsuite errors="0" failures="0" hostname="cabaret-fax" id="25" name="Test26_OneArrayWithManyNonEmptyString" package="edu.uic.cs474.hw1" skipped="0" tests="1" time="0.045" timestamp="2019-09-20T20:55:52">
      <properties>
[...]
</properties>

      <testcase classname="edu.uic.cs474.hw1.Test26_OneArrayWithManyNonEmptyString" name="test" time="0.003" />

      <system-out />

      <system-err />

  </testsuite>
  <testsuite errors="0" failures="0" hostname="cabaret-fax" id="26" name="Test27_OneArrayWithManyStringWithNewLine" package="edu.uic.cs474.hw1" skipped="0" tests="1" time="0.043" timestamp="2019-09-20T20:55:52">
      <properties>
[...]
</properties>

      <testcase classname="edu.uic.cs474.hw1.Test27_OneArrayWithManyStringWithNewLine" name="test" time="0.004" />

      <system-out />

      <system-err />

  </testsuite>
  <testsuite errors="0" failures="0" hostname="cabaret-fax" id="27" name="Test28_OneArrayWithManyPrimitive" package="edu.uic.cs474.hw1" skipped="0" tests="1" time="0.04" timestamp="2019-09-20T20:55:52">
      <properties>
[...]
</properties>

      <testcase classname="edu.uic.cs474.hw1.Test28_OneArrayWithManyPrimitive" name="test" time="0.003" />

      <system-out />

      <system-err />

  </testsuite>
  <testsuite errors="0" failures="0" hostname="cabaret-fax" id="28" name="Test29_OneArrayWithManyNonPrimitiveNonString" package="edu.uic.cs474.hw1" skipped="0" tests="1" time="0.058" timestamp="2019-09-20T20:55:53">
      <properties>
[...]
</properties>

      <testcase classname="edu.uic.cs474.hw1.Test29_OneArrayWithManyNonPrimitiveNonString" name="test" time="0.005" />

      <system-out />

      <system-err />

  </testsuite>
  <testsuite errors="0" failures="0" hostname="cabaret-fax" id="29" name="Test30_OutsideClassReturnsNewLine" package="edu.uic.cs474.hw1" skipped="0" tests="1" time="0.051" timestamp="2019-09-20T20:55:53">
      <properties>
[...]
</properties>

      <testcase classname="edu.uic.cs474.hw1.Test30_OutsideClassReturnsNewLine" name="test" time="0.005" />

      <system-out />

      <system-err />

  </testsuite>
  <testsuite errors="0" failures="0" hostname="cabaret-fax" id="30" name="Test31_NullWithSpecificImport" package="edu.uic.cs474.hw1" skipped="0" tests="1" time="0.063" timestamp="2019-09-20T20:55:53">
      <properties>
[...]
</properties>

      <testcase classname="edu.uic.cs474.hw1.Test31_NullWithSpecificImport" name="test" time="0.005" />

      <system-out />

      <system-err />

  </testsuite>
  <testsuite errors="0" failures="0" hostname="cabaret-fax" id="31" name="Test32_NullWithWildcardImport" package="edu.uic.cs474.hw1" skipped="0" tests="1" time="0.049" timestamp="2019-09-20T20:55:53">
      <properties>
[...]
</properties>

      <testcase classname="edu.uic.cs474.hw1.Test32_NullWithWildcardImport" name="test" time="0.005" />

      <system-out />

      <system-err />

  </testsuite>
  <testsuite errors="0" failures="0" hostname="cabaret-fax" id="32" name="Test33_EmptyArrayWithSpecificImport" package="edu.uic.cs474.hw1" skipped="0" tests="1" time="0.065" timestamp="2019-09-20T20:55:54">
      <properties>
[...]
</properties>

      <testcase classname="edu.uic.cs474.hw1.Test33_EmptyArrayWithSpecificImport" name="test" time="0.006" />

      <system-out />

      <system-err />

  </testsuite>
  <testsuite errors="0" failures="0" hostname="cabaret-fax" id="33" name="Test34_ManyFieldsOfVisibilityFinalStaticNames" package="edu.uic.cs474.hw1" skipped="0" tests="1" time="0.053" timestamp="2019-09-20T20:55:54">
      <properties>
[...]
</properties>

      <testcase classname="edu.uic.cs474.hw1.Test34_ManyFieldsOfVisibilityFinalStaticNames" name="test" time="0.005" />

      <system-out />

      <system-err />

  </testsuite>
  <testsuite errors="0" failures="0" hostname="cabaret-fax" id="34" name="Test35_ManyFieldsOfVisibility" package="edu.uic.cs474.hw1" skipped="0" tests="1" time="0.06" timestamp="2019-09-20T20:55:54">
      <properties>
[...]
</properties>

      <testcase classname="edu.uic.cs474.hw1.Test35_ManyFieldsOfVisibility" name="test" time="0.005" />

      <system-out />

      <system-err />

  </testsuite>
  <testsuite errors="0" failures="0" hostname="cabaret-fax" id="35" name="Test36_ManyFieldsOfFinal" package="edu.uic.cs474.hw1" skipped="0" tests="1" time="0.069" timestamp="2019-09-20T20:55:54">
      <properties>
[...]
</properties>

      <testcase classname="edu.uic.cs474.hw1.Test36_ManyFieldsOfFinal" name="test" time="0.005" />

      <system-out />

      <system-err />

  </testsuite>
  <testsuite errors="0" failures="0" hostname="cabaret-fax" id="36" name="Test37_ManyFieldsOfStatic" package="edu.uic.cs474.hw1" skipped="0" tests="1" time="0.052" timestamp="2019-09-20T20:55:55">
      <properties>
[...]
</properties>

      <testcase classname="edu.uic.cs474.hw1.Test37_ManyFieldsOfStatic" name="test" time="0.004" />

      <system-out />

      <system-err />

  </testsuite>
  <testsuite errors="0" failures="0" hostname="cabaret-fax" id="37" name="Test38_ManyFieldsOfNames" package="edu.uic.cs474.hw1" skipped="0" tests="1" time="0.056" timestamp="2019-09-20T20:55:55">
      <properties>
[...]
</properties>

      <testcase classname="edu.uic.cs474.hw1.Test38_ManyFieldsOfNames" name="test" time="0.006" />

      <system-out />

      <system-err />

  </testsuite>
  <testsuite errors="0" failures="0" hostname="cabaret-fax" id="38" name="Test39_OneFieldReferencesObject" package="edu.uic.cs474.hw1" skipped="0" tests="1" time="0.058" timestamp="2019-09-20T20:55:55">
      <properties>
[...]
</properties>

      <testcase classname="edu.uic.cs474.hw1.Test39_OneFieldReferencesObject" name="test" time="0.006" />

      <system-out />

      <system-err />

  </testsuite>
  <testsuite errors="0" failures="0" hostname="cabaret-fax" id="39" name="Test40_OneFieldArrayReferencesObject" package="edu.uic.cs474.hw1" skipped="0" tests="1" time="0.061" timestamp="2019-09-20T20:55:56">
      <properties>
[...]
</properties>

      <testcase classname="edu.uic.cs474.hw1.Test40_OneFieldArrayReferencesObject" name="test" time="0.005" />

      <system-out />

      <system-err />

  </testsuite>
  <testsuite errors="0" failures="0" hostname="cabaret-fax" id="40" name="Test41_SomePrimitiveFields" package="edu.uic.cs474.hw1" skipped="0" tests="1" time="0.054" timestamp="2019-09-20T20:55:56">
      <properties>
[...]
</properties>

      <testcase classname="edu.uic.cs474.hw1.Test41_SomePrimitiveFields" name="test" time="0.007" />

      <system-out />

      <system-err />

  </testsuite>
  <testsuite errors="0" failures="0" hostname="cabaret-fax" id="41" name="Test42_OneObjectFieldRefersArray" package="edu.uic.cs474.hw1" skipped="0" tests="1" time="0.057" timestamp="2019-09-20T20:55:56">
      <properties>
[...]
</properties>

      <testcase classname="edu.uic.cs474.hw1.Test42_OneObjectFieldRefersArray" name="test" time="0.005" />

      <system-out />

      <system-err />

  </testsuite>
  <testsuite errors="0" failures="0" hostname="cabaret-fax" id="42" name="Test43_OneObjectFieldRefersBoxedPrimitive" package="edu.uic.cs474.hw1" skipped="0" tests="1" time="0.054" timestamp="2019-09-20T20:55:56">
      <properties>
[...]
</properties>

      <testcase classname="edu.uic.cs474.hw1.Test43_OneObjectFieldRefersBoxedPrimitive" name="test" time="0.005" />

      <system-out />

      <system-err />

  </testsuite>
  <testsuite errors="0" failures="0" hostname="cabaret-fax" id="43" name="Test44_OneObjectFieldRefersString" package="edu.uic.cs474.hw1" skipped="0" tests="1" time="0.061" timestamp="2019-09-20T20:55:57">
      <properties>
[...]
</properties>

      <testcase classname="edu.uic.cs474.hw1.Test44_OneObjectFieldRefersString" name="test" time="0.006" />

      <system-out />

      <system-err />

  </testsuite>
  <testsuite errors="0" failures="0" hostname="cabaret-fax" id="44" name="Test45_SomeOtherPrimitiveFields" package="edu.uic.cs474.hw1" skipped="0" tests="1" time="0.061" timestamp="2019-09-20T20:55:57">
      <properties>
[...]
</properties>

      <testcase classname="edu.uic.cs474.hw1.Test45_SomeOtherPrimitiveFields" name="test" time="0.006" />

      <system-out />

      <system-err />

  </testsuite>
  <testsuite errors="0" failures="0" hostname="cabaret-fax" id="45" name="Test46_OneFieldReferenceObjectWithWeirdIdentity" package="edu.uic.cs474.hw1" skipped="0" tests="1" time="0.056" timestamp="2019-09-20T20:55:57">
      <properties>
[...]
</properties>

      <testcase classname="edu.uic.cs474.hw1.Test46_OneFieldReferenceObjectWithWeirdIdentity" name="test" time="0.005" />

      <system-out />

      <system-err />

  </testsuite>
  <testsuite errors="0" failures="0" hostname="cabaret-fax" id="46" name="Test47_SomeArraysOfPrimitives" package="edu.uic.cs474.hw1" skipped="0" tests="1" time="0.06" timestamp="2019-09-20T20:55:58">
      <properties>
[...]
</properties>

      <testcase classname="edu.uic.cs474.hw1.Test47_SomeArraysOfPrimitives" name="test" time="0.007" />

      <system-out />

      <system-err />

  </testsuite>
  <testsuite errors="0" failures="0" hostname="cabaret-fax" id="47" name="Test48_OtherArraysOfPrimitives" package="edu.uic.cs474.hw1" skipped="0" tests="1" time="0.054" timestamp="2019-09-20T20:55:58">
      <properties>
[...]
</properties>

      <testcase classname="edu.uic.cs474.hw1.Test48_OtherArraysOfPrimitives" name="test" time="0.005" />

      <system-out />

      <system-err />

  </testsuite>
</testsuites>
